<?xml version="1.0" encoding="UTF-8"?>
<testsuite xmlns:xsi="http://www.w3.org/2001/XMLSchema-instance" xsi:noNamespaceSchemaLocation="https://maven.apache.org/surefire/maven-surefire-plugin/xsd/surefire-test-report.xsd" name="HashMapTest" time="0.007" tests="13" errors="2" skipped="0" failures="2">
  <properties>
    <property name="java.specification.version" value="21"/>
    <property name="sun.jnu.encoding" value="UTF-8"/>
    <property name="java.class.path" value="/Users/albert/Desktop/CS342/Projects/Project_1/342Prog1-main/Project1/target/test-classes:/Users/albert/Desktop/CS342/Projects/Project_1/342Prog1-main/Project1/target/classes:/Users/albert/.m2/repository/org/junit/jupiter/junit-jupiter/5.10.0/junit-jupiter-5.10.0.jar:/Users/albert/.m2/repository/org/junit/jupiter/junit-jupiter-api/5.10.0/junit-jupiter-api-5.10.0.jar:/Users/albert/.m2/repository/org/opentest4j/opentest4j/1.3.0/opentest4j-1.3.0.jar:/Users/albert/.m2/repository/org/junit/platform/junit-platform-commons/1.10.0/junit-platform-commons-1.10.0.jar:/Users/albert/.m2/repository/org/apiguardian/apiguardian-api/1.1.2/apiguardian-api-1.1.2.jar:/Users/albert/.m2/repository/org/junit/jupiter/junit-jupiter-params/5.10.0/junit-jupiter-params-5.10.0.jar:/Users/albert/.m2/repository/org/junit/jupiter/junit-jupiter-engine/5.10.0/junit-jupiter-engine-5.10.0.jar:/Users/albert/.m2/repository/org/junit/platform/junit-platform-engine/1.10.0/junit-platform-engine-1.10.0.jar:"/>
    <property name="java.vm.vendor" value="Oracle Corporation"/>
    <property name="sun.arch.data.model" value="64"/>
    <property name="java.vendor.url" value="https://java.oracle.com/"/>
    <property name="os.name" value="Mac OS X"/>
    <property name="java.vm.specification.version" value="21"/>
    <property name="sun.java.launcher" value="SUN_STANDARD"/>
    <property name="user.country" value="US"/>
    <property name="sun.boot.library.path" value="/Library/Java/JavaVirtualMachines/jdk-21.jdk/Contents/Home/lib"/>
    <property name="sun.java.command" value="/Users/albert/Desktop/CS342/Projects/Project_1/342Prog1-main/Project1/target/surefire/surefirebooter12127927911076379316.jar /Users/albert/Desktop/CS342/Projects/Project_1/342Prog1-main/Project1/target/surefire 2024-02-26T15-37-48_472-jvmRun1 surefire8835620465233306758tmp surefire_0914073090426419091tmp"/>
    <property name="http.nonProxyHosts" value="local|*.local|169.254/16|*.169.254/16"/>
    <property name="jdk.debug" value="release"/>
    <property name="surefire.test.class.path" value="/Users/albert/Desktop/CS342/Projects/Project_1/342Prog1-main/Project1/target/test-classes:/Users/albert/Desktop/CS342/Projects/Project_1/342Prog1-main/Project1/target/classes:/Users/albert/.m2/repository/org/junit/jupiter/junit-jupiter/5.10.0/junit-jupiter-5.10.0.jar:/Users/albert/.m2/repository/org/junit/jupiter/junit-jupiter-api/5.10.0/junit-jupiter-api-5.10.0.jar:/Users/albert/.m2/repository/org/opentest4j/opentest4j/1.3.0/opentest4j-1.3.0.jar:/Users/albert/.m2/repository/org/junit/platform/junit-platform-commons/1.10.0/junit-platform-commons-1.10.0.jar:/Users/albert/.m2/repository/org/apiguardian/apiguardian-api/1.1.2/apiguardian-api-1.1.2.jar:/Users/albert/.m2/repository/org/junit/jupiter/junit-jupiter-params/5.10.0/junit-jupiter-params-5.10.0.jar:/Users/albert/.m2/repository/org/junit/jupiter/junit-jupiter-engine/5.10.0/junit-jupiter-engine-5.10.0.jar:/Users/albert/.m2/repository/org/junit/platform/junit-platform-engine/1.10.0/junit-platform-engine-1.10.0.jar:"/>
    <property name="sun.cpu.endian" value="little"/>
    <property name="user.home" value="/Users/albert"/>
    <property name="user.language" value="en"/>
    <property name="java.specification.vendor" value="Oracle Corporation"/>
    <property name="java.version.date" value="2023-10-17"/>
    <property name="java.home" value="/Library/Java/JavaVirtualMachines/jdk-21.jdk/Contents/Home"/>
    <property name="file.separator" value="/"/>
    <property name="basedir" value="/Users/albert/Desktop/CS342/Projects/Project_1/342Prog1-main/Project1"/>
    <property name="java.vm.compressedOopsMode" value="Zero based"/>
    <property name="line.separator" value="&#10;"/>
    <property name="java.vm.specification.vendor" value="Oracle Corporation"/>
    <property name="java.specification.name" value="Java Platform API Specification"/>
    <property name="apple.awt.application.name" value="ForkedBooter"/>
    <property name="surefire.real.class.path" value="/Users/albert/Desktop/CS342/Projects/Project_1/342Prog1-main/Project1/target/surefire/surefirebooter12127927911076379316.jar"/>
    <property name="sun.management.compiler" value="HotSpot 64-Bit Tiered Compilers"/>
    <property name="ftp.nonProxyHosts" value="local|*.local|169.254/16|*.169.254/16"/>
    <property name="java.runtime.version" value="21.0.1+12-LTS-29"/>
    <property name="user.name" value="albert"/>
    <property name="stdout.encoding" value="UTF-8"/>
    <property name="path.separator" value=":"/>
    <property name="os.version" value="14.3"/>
    <property name="java.runtime.name" value="Java(TM) SE Runtime Environment"/>
    <property name="file.encoding" value="UTF-8"/>
    <property name="java.vm.name" value="Java HotSpot(TM) 64-Bit Server VM"/>
    <property name="localRepository" value="/Users/albert/.m2/repository"/>
    <property name="java.vendor.url.bug" value="https://bugreport.java.com/bugreport/"/>
    <property name="java.io.tmpdir" value="/var/folders/rm/cj_j5kw90rz6980t_xqbpq_00000gn/T/"/>
    <property name="idea.version" value="2023.3.4"/>
    <property name="java.version" value="21.0.1"/>
    <property name="user.dir" value="/Users/albert/Desktop/CS342/Projects/Project_1/342Prog1-main/Project1"/>
    <property name="os.arch" value="aarch64"/>
    <property name="java.vm.specification.name" value="Java Virtual Machine Specification"/>
    <property name="native.encoding" value="UTF-8"/>
    <property name="java.library.path" value="/Users/albert/Library/Java/Extensions:/Library/Java/Extensions:/Network/Library/Java/Extensions:/System/Library/Java/Extensions:/usr/lib/java:."/>
    <property name="java.vm.info" value="mixed mode, sharing"/>
    <property name="stderr.encoding" value="UTF-8"/>
    <property name="java.vendor" value="Oracle Corporation"/>
    <property name="java.vm.version" value="21.0.1+12-LTS-29"/>
    <property name="sun.io.unicode.encoding" value="UnicodeBig"/>
    <property name="socksNonProxyHosts" value="local|*.local|169.254/16|*.169.254/16"/>
    <property name="java.class.version" value="65.0"/>
  </properties>
  <testcase name="multipleElementDelete" classname="HashMapTest" time="0">
    <failure message="Incorrect multiple element delete ==&gt; expected: &lt;true&gt; but was: &lt;false&gt;" type="org.opentest4j.AssertionFailedError"><![CDATA[org.opentest4j.AssertionFailedError: Incorrect multiple element delete ==> expected: <true> but was: <false>
]]></failure>
    <system-out><![CDATA[Result of indexToBePlaced: 6
Result of value after insertion: six
Result of indexToBePlaced: 4
Result of value after insertion: four
Result of indexToBePlaced: 7
Result of value after insertion: seven
]]></system-out>
  </testcase>
  <testcase name="testSize" classname="HashMapTest" time="0"/>
  <testcase name="multipleElementInsert" classname="HashMapTest" time="0.001"/>
  <testcase name="multipleElementGetSize" classname="HashMapTest" time="0.001"/>
  <testcase name="emptyGetSize" classname="HashMapTest" time="0"/>
  <testcase name="multipleElementInsertWithDuplicate" classname="HashMapTest" time="0"/>
  <testcase name="emptyDelete" classname="HashMapTest" time="0.001"/>
  <testcase name="multipleElementDelete2" classname="HashMapTest" time="0.001">
    <error message="Index 10 out of bounds for length 10" type="java.lang.ArrayIndexOutOfBoundsException">java.lang.ArrayIndexOutOfBoundsException: Index 10 out of bounds for length 10
</error>
    <system-out><![CDATA[Result of indexToBePlaced: 0
Result of value after insertion: one hundred
Result of indexToBePlaced: 0
Result of indexToBePlaced at collision: 1
Result of value after insertion: fifty
Result of indexToBePlaced: 0
Result of indexToBePlaced at collision: 1
Result of indexToBePlaced at collision: 2
Result of value after insertion: one hundred fifty
Result of indexToBePlaced: 0
Result of indexToBePlaced at collision: 1
Result of indexToBePlaced at collision: 2
Result of indexToBePlaced at collision: 3
Result of value after insertion: forty
Result of indexToBePlaced: 1
Result of indexToBePlaced at collision: 2
Result of indexToBePlaced at collision: 3
Result of indexToBePlaced at collision: 4
Result of value after insertion: forty one
Result of indexToBePlaced: 0
Result of indexToBePlaced at collision: 1
Result of indexToBePlaced at collision: 2
Result of indexToBePlaced at collision: 3
Result of indexToBePlaced at collision: 4
Result of indexToBePlaced at collision: 5
Result of value after insertion: one hundred forty
Result of indexToBePlaced: 0
Result of indexToBePlaced at collision: 1
Result of indexToBePlaced at collision: 2
Result of indexToBePlaced at collision: 3
Result of indexToBePlaced at collision: 4
Result of indexToBePlaced at collision: 5
Result of indexToBePlaced at collision: 6
Result of value after insertion: one hundred sixty
Result of indexToBePlaced: 9
Result of value after insertion: one hundred thirty nine
Result of indexToBePlaced: 1
Result of indexToBePlaced at collision: 2
Result of indexToBePlaced at collision: 3
Result of indexToBePlaced at collision: 4
Result of indexToBePlaced at collision: 5
Result of indexToBePlaced at collision: 6
Result of indexToBePlaced at collision: 7
Result of value after insertion: one hundred forty one
Result of indexToBePlaced: 1
Result of indexToBePlaced at collision: 2
Result of indexToBePlaced at collision: 3
Result of indexToBePlaced at collision: 4
Result of indexToBePlaced at collision: 5
Result of indexToBePlaced at collision: 6
Result of indexToBePlaced at collision: 7
Result of indexToBePlaced at collision: 8
Result of value after insertion: one hundred fifty one
Result of indexToBePlaced: 1
]]></system-out>
  </testcase>
  <testcase name="multipleElementDelete3" classname="HashMapTest" time="0">
    <error message="Index 10 out of bounds for length 10" type="java.lang.ArrayIndexOutOfBoundsException">java.lang.ArrayIndexOutOfBoundsException: Index 10 out of bounds for length 10
</error>
    <system-out><![CDATA[Result of indexToBePlaced: 0
Result of value after insertion: one hundred
Result of indexToBePlaced: 0
Result of indexToBePlaced at collision: 1
Result of value after insertion: fifty
Result of indexToBePlaced: 0
Result of indexToBePlaced at collision: 1
Result of indexToBePlaced at collision: 2
Result of value after insertion: one hundred fifty
Result of indexToBePlaced: 0
Result of indexToBePlaced at collision: 1
Result of indexToBePlaced at collision: 2
Result of indexToBePlaced at collision: 3
Result of value after insertion: forty
Result of indexToBePlaced: 1
Result of indexToBePlaced at collision: 2
Result of indexToBePlaced at collision: 3
Result of indexToBePlaced at collision: 4
Result of value after insertion: forty one
Result of indexToBePlaced: 0
Result of indexToBePlaced at collision: 1
Result of indexToBePlaced at collision: 2
Result of indexToBePlaced at collision: 3
Result of indexToBePlaced at collision: 4
Result of indexToBePlaced at collision: 5
Result of value after insertion: one hundred forty
Result of indexToBePlaced: 0
Result of indexToBePlaced at collision: 1
Result of indexToBePlaced at collision: 2
Result of indexToBePlaced at collision: 3
Result of indexToBePlaced at collision: 4
Result of indexToBePlaced at collision: 5
Result of indexToBePlaced at collision: 6
Result of value after insertion: one hundred sixty
Result of indexToBePlaced: 9
Result of value after insertion: one hundred thirty nine
Result of indexToBePlaced: 1
Result of indexToBePlaced at collision: 2
Result of indexToBePlaced at collision: 3
Result of indexToBePlaced at collision: 4
Result of indexToBePlaced at collision: 5
Result of indexToBePlaced at collision: 6
Result of indexToBePlaced at collision: 7
Result of value after insertion: one hundred forty one
Result of indexToBePlaced: 1
Result of indexToBePlaced at collision: 2
Result of indexToBePlaced at collision: 3
Result of indexToBePlaced at collision: 4
Result of indexToBePlaced at collision: 5
Result of indexToBePlaced at collision: 6
Result of indexToBePlaced at collision: 7
Result of indexToBePlaced at collision: 8
Result of value after insertion: one hundred fifty one
Result of indexToBePlaced: 1
]]></system-out>
  </testcase>
  <testcase name="singleElementDelete" classname="HashMapTest" time="0">
    <failure message="Incorrect single element delete behavior ==&gt; expected: &lt;true&gt; but was: &lt;false&gt;" type="org.opentest4j.AssertionFailedError"><![CDATA[org.opentest4j.AssertionFailedError: Incorrect single element delete behavior ==> expected: <true> but was: <false>
]]></failure>
    <system-out><![CDATA[Result of indexToBePlaced: 6
Result of value after insertion: six
]]></system-out>
  </testcase>
  <testcase name="testNullValue" classname="HashMapTest" time="0"/>
  <testcase name="singleElementGetSize" classname="HashMapTest" time="0.001"/>
  <testcase name="singleElementInsert" classname="HashMapTest" time="0"/>
</testsuite>